INFO:root:Authentication attempt started.
INFO:root:Authentication successful for user: bob@example.com
INFO:root:Authentication attempt started.
INFO:root:Authentication successful for user: alice@example.com
INFO:root:Authentication attempt started.
INFO:root:Authentication successful for user: bob@example.com
INFO:root:Authentication attempt started.
INFO:root:Authentication successful for user: alice@example.com
INFO:root:Authentication attempt started.
INFO:root:Authentication successful for user: bob@example.com
INFO:root:Authentication attempt started.
INFO:root:Authentication successful for user: alice@example.com
INFO:root:Authentication attempt started.
INFO:root:Authentication successful for user: bob@example.com
INFO:root:Authentication attempt started.
INFO:root:Authentication successful for user: alice@example.com
INFO:root:Authentication attempt started.
INFO:root:Authentication successful for user: bob@example.com
INFO:root:Authentication attempt started.
INFO:root:Authentication successful for user: alice@example.com
INFO:root:Authentication attempt started.
INFO:root:Authentication successful for user: bob@example.com
INFO:root:Authentication attempt started.
INFO:root:Authentication successful for user: alice@example.com
INFO:root:Authentication attempt started.
INFO:root:Authentication successful for user: bob@example.com
INFO:root:Authentication attempt started.
INFO:root:Authentication successful for user: alice@example.com
INFO:root:Authentication attempt started.
INFO:root:Authentication successful for user: alice@example.com
INFO:root:Authentication attempt started.
INFO:root:Authentication successful for user: bob@example.com
INFO:root:Authentication attempt started.
INFO:root:Authentication successful for user: alice@example.com
INFO:root:Authentication attempt started.
INFO:root:Authentication successful for user: bob@example.com
INFO:root:Authentication attempt started.
INFO:root:Authentication successful for user: alice@example.com
INFO:root:Authentication attempt started.
INFO:root:Authentication successful for user: bob@example.com
INFO:root:Authentication attempt started.
INFO:root:Authentication successful for user: alice@example.com
INFO:root:Authentication attempt started.
INFO:root:Authentication successful for user: bob@example.com
INFO:root:Authentication attempt started.
INFO:root:Authentication successful for user: alice@example.com
INFO:root:Authentication attempt started.
INFO:root:Authentication successful for user: bob@example.com
INFO:root:Authentication attempt started.
INFO:root:Authentication successful for user: alice@example.com
INFO:root:Authentication attempt started.
INFO:root:Authentication successful for user: bob@example.com
INFO:root:Authentication attempt started.
INFO:root:Authentication successful for user: alice@example.com
INFO:root:Authentication attempt started.
INFO:root:Authentication successful for user: alice@example.com
INFO:root:Authentication attempt started.
INFO:root:Authentication successful for user: bob@example.com
INFO:root:Authentication attempt started.
INFO:root:Authentication successful for user: alice@example.com
INFO:root:Authentication attempt started.
INFO:root:Authentication successful for user: bob@example.com
INFO:root:Authentication attempt started.
INFO:root:Authentication successful for user: alice@example.com
INFO:root:Authentication attempt started.
INFO:root:Authentication successful for user: bob@example.com
INFO:root:Authentication attempt started.
INFO:root:Authentication successful for user: alice@example.com
INFO:root:Authentication attempt started.
INFO:root:Authentication successful for user: bob@example.com
INFO:root:Authentication attempt started.
INFO:root:Authentication successful for user: bob@example.com
INFO:root:Authentication attempt started.
INFO:root:Authentication successful for user: alice@example.com
INFO:root:Authentication attempt started.
INFO:root:Authentication successful for user: bob@example.com
INFO:root:Authentication attempt started.
INFO:root:Authentication successful for user: alice@example.com
INFO:root:Authentication attempt started.
INFO:root:Authentication successful for user: bob@example.com
INFO:root:Authentication attempt started.
INFO:root:Authentication successful for user: alice@example.com
INFO:root:Authentication attempt started.
INFO:root:Authentication successful for user: bob@example.com
INFO:root:Authentication attempt started.
INFO:root:Authentication successful for user: alice@example.com
INFO:root:Authentication attempt started.
INFO:root:Authentication successful for user: bob@example.com
INFO:root:Authentication attempt started.
INFO:root:Authentication successful for user: alice@example.com
INFO:root:Authentication attempt started.
INFO:root:Authentication successful for user: bob@example.com
INFO:root:Authentication attempt started.
INFO:root:Authentication successful for user: alice@example.com
INFO:root:Authentication attempt started.
INFO:root:Authentication successful for user: bob@example.com
INFO:root:Authentication attempt started.
INFO:root:Authentication successful for user: alice@example.com
INFO:root:Authentication attempt started.
INFO:root:Authentication successful for user: bob@example.com
INFO:root:Authentication attempt started.
INFO:root:Authentication successful for user: alice@example.com
INFO:root:Authentication attempt started.
WARNING:root:Authentication failed for user: bob@example.com
INFO:root:Authentication attempt started.
WARNING:root:Authentication failed for user: alice@example.com
INFO:root:Authentication attempt started.
WARNING:root:Authentication failed for user: bob@example.com
INFO:root:Authentication attempt started.
WARNING:root:Authentication failed for user: bob@example.com
INFO:root:Authentication attempt started.
WARNING:root:Authentication failed for user: bob@example.com
INFO:root:Authentication attempt started.
WARNING:root:Authentication failed for user: bob@example.com
INFO:root:Authentication attempt started.
WARNING:root:Authentication failed for user: bob@example.com
INFO:root:Authentication attempt started.
WARNING:root:Authentication failed for user: bob@example.com
INFO:root:Authentication attempt started.
WARNING:root:Authentication failed for user: alice@example.com
INFO:root:Authentication attempt started.
WARNING:root:Authentication failed for user: alice@example.com
INFO:root:Authentication attempt started.
INFO:root:Authentication successful for user: bob@example.com
INFO:root:Authentication attempt started.
INFO:root:Authentication successful for user: alice@example.com
INFO:root:Authentication attempt started.
INFO:root:Authentication successful for user: alice@example.com
INFO:root:Authentication attempt started.
INFO:root:Authentication successful for user: bob@example.com
INFO:root:Authentication attempt started.
INFO:root:Authentication successful for user: bob@example.com
INFO:root:Authentication attempt started.
INFO:root:Authentication successful for user: alice@example.com
INFO:root:Authentication attempt started.
INFO:root:Authentication successful for user: alice@example.com
INFO:root:Authentication attempt started.
INFO:root:Authentication successful for user: bob@example.com
INFO:root:Authentication attempt started.
INFO:root:Authentication successful for user: alice@example.com
INFO:root:Authentication attempt started.
INFO:root:Authentication successful for user: bob@example.com
INFO:root:Authentication attempt started.
INFO:root:Authentication successful for user: bob@example.com
INFO:root:Authentication attempt started.
INFO:root:Authentication successful for user: alice@example.com
INFO:root:Authentication attempt started.
INFO:root:Authentication successful for user: alice@example.com
INFO:root:Authentication attempt started.
INFO:root:Authentication successful for user: bob@example.com
INFO:root:Authentication attempt started.
INFO:root:Authentication successful for user: alice@example.com
INFO:root:Authentication attempt started.
INFO:root:Authentication successful for user: bob@example.com
INFO:root:Authentication attempt started.
INFO:root:Authentication successful for user: alice@example.com
INFO:root:Authentication attempt started.
INFO:root:Authentication successful for user: bob@example.com
INFO:root:Authentication attempt started.
INFO:root:Authentication successful for user: alice@example.com
INFO:root:Authentication attempt started.
INFO:root:Authentication successful for user: bob@example.com
INFO:root:Authentication attempt started.
INFO:root:Authentication attempt started.
INFO:root:Authentication attempt started.
INFO:root:Authentication attempt started.
INFO:root:Authentication attempt started.
WARNING:root:Authentication failed for user: alice@example.com
INFO:root:Authentication attempt started.
WARNING:root:Authentication failed for user: alice@example.com
INFO:root:Authentication attempt started.
INFO:root:Authentication successful for user: bob@example.com
INFO:root:Authentication attempt started.
INFO:root:Authentication successful for user: alice@example.com
INFO:root:Authentication attempt started.
WARNING:root:Authentication failed for user: bob@example.com
INFO:root:Authentication attempt started.
WARNING:root:Authentication failed for user: alice@example.com
INFO:root:Authentication attempt started.
INFO:root:Authentication successful for user: bob@example.com
INFO:root:Authentication attempt started.
INFO:root:Authentication successful for user: alice@example.com
INFO:root:Authentication attempt started.
INFO:root:Authentication successful for user: alice@example.com
INFO:root:Authentication attempt started.
INFO:root:Authentication successful for user: alice@example.com
INFO:root:Authentication attempt started.
INFO:root:Authentication successful for user: bob@example.com
INFO:root:Authentication attempt started.
INFO:root:Authentication successful for user: alice@example.com
INFO:root:Authentication attempt started.
INFO:root:Authentication successful for user: bob@example.com
