2025-07-11 12:32:20.991441 | User:  | Action: export_decrypted_emails | Count: 1
2025-07-11 12:32:28.289239 | User:  | Action: export_decrypted_emails | Count: 1
2025-07-11 12:36:32.881063 | User:  | Action: export_decrypted_emails | Count: 1
2025-07-11 12:39:23.952736 | Action: retain email | Email ID: 68716239ad3202e6f887da68 | Retention Days: 50
2025-07-11 12:40:33.741031 | Action: soft delete email | Email ID: 68715cd723ba60fd55333849
2025-07-11 12:40:38.914614 | Action: hard delete email | Email ID: 68715cd723ba60fd55333849
2025-07-11 12:41:08.908342 | Action: retain email | Email ID: 68716239ad3202e6f887da68 | Retention Days: 30
2025-07-11 12:48:30.826773 | Action: retain email | Email ID: 68716239ad3202e6f887da68 | Retention Days: 33
2025-07-11 12:49:06.876324 | Action: soft delete email | Email ID: 68715cd123ba60fd55333848
2025-07-11 12:53:08.284792 | User:  | Action: export_decrypted_emails | Count: 1
2025-07-11 12:54:02.039098 | User:  | Action: export_decrypted_emails | Count: 1
2025-07-11 12:54:09.932849 | User:  | Action: export_decrypted_emails | Count: 1
2025-07-11 12:54:11.213077 | User:  | Action: export_decrypted_emails | Count: 1
2025-07-11 12:54:12.392058 | User:  | Action: export_decrypted_emails | Count: 1
2025-07-11 12:54:13.452285 | User:  | Action: export_decrypted_emails | Count: 1
2025-07-11 12:54:14.294889 | User:  | Action: export_decrypted_emails | Count: 1
2025-07-11 12:54:15.640787 | User:  | Action: export_decrypted_emails | Count: 1
2025-07-11 13:05:10.871413 | Action: soft delete email | Email ID: 68716e5a49f3a06214ee3681
2025-07-11 13:05:33.770069 | Action: reverse soft delete email | Email ID: 68716e5a49f3a06214ee3681
2025-07-11 13:20:46.498496 | Action: soft delete email | Email ID: 687171f2583a424aef789c07
2025-07-11 13:21:01.359136 | Action: reverse self delete email | Email ID: 687171f2583a424aef789c07
2025-07-12 13:52:33.377549 | Action: soft delete email | Email ID: 6872c9eb7a542c87d896dbf4
2025-07-12 13:52:52.429530 | Action: reverse self delete email | Email ID: 6872c9eb7a542c87d896dbf4
2025-07-12 13:53:14.773081 | Action: hard delete email | Email ID: 6872c9eb7a542c87d896dbf4
2025-07-12 13:53:42.928679 | User:  | Action: export_decrypted_emails | Count: 2
2025-07-12 13:53:49.933165 | Action: reverse soft delete email | Email ID: 7
2025-07-23 22:00:32.791666 | Action: soft delete email | Email ID: 6881bdd08f2f316a8a3b7241
2025-07-23 22:00:51.652707 | Action: reverse soft delete email | Email ID: 6881bdd08f2f316a8a3b7241
2025-07-23 22:01:07.396359 | Action: retain email | Email ID: 6881bdd08f2f316a8a3b7241 | Retention Days: 22
2025-07-23 22:01:58.195081 | User:  | Action: export_decrypted_emails | Count: 1
2025-07-23 22:02:33.927840 | User:  | Action: export_decrypted_emails | Count: 1
2025-07-23 22:02:53.902027 | Action: hard delete email | Email ID: 6881bdd08f2f316a8a3b7241
2025-07-23 22:03:19.291200 | Action: soft delete email | Email ID: 6881bdccacbe7aa6a6a66275
2025-07-23 22:03:30.538497 | Action: reverse self delete email | Email ID: 6881bdccacbe7aa6a6a66275
2025-07-23 22:03:38.562037 | Action: retain email | Email ID: 6881bdccacbe7aa6a6a66275 | Retention Days: 22
2025-07-23 22:04:26.297406 | User:  | Action: export_decrypted_emails | Count: 1
2025-07-23 22:04:37.509175 | Action: hard delete email | Email ID: 6881bdccacbe7aa6a6a66275
2025-07-30 17:22:00.322780 | User:  | Action: export_decrypted_emails | Count: 1
2025-07-30 17:22:02.002292 | User:  | Action: export_decrypted_emails | Count: 1
2025-07-30 17:54:26.133322 | User:  | Action: export_decrypted_emails | Count: 1
2025-07-30 17:54:28.633971 | User:  | Action: export_decrypted_emails | Count: 1
2025-07-30 17:54:39.284360 | User:  | Action: export_decrypted_emails | Count: 1
2025-07-30 17:54:41.438236 | User:  | Action: export_decrypted_emails | Count: 1
2025-08-05 20:28:23.774328 | User:  | Action: export_decrypted_emails | Count: 2
2025-08-05 20:28:26.002469 | User:  | Action: export_decrypted_emails | Count: 2
2025-08-05 20:28:46.488400 | User:  | Action: export_decrypted_emails | Count: 2
2025-08-05 20:30:42.339314 | Action: soft delete email | Email ID: 6892cb9cebd9cfecbb093951
2025-08-05 20:31:39.853920 | Action: reverse self delete email | Email ID: 6892cb9cebd9cfecbb093951
2025-08-05 20:33:01.935099 | Action: hard delete email | Email ID: 6892cb9cebd9cfecbb093951
2025-08-05 20:34:27.185991 | Action: soft delete email | Email ID: 6892cb9cebd9cfecbb093950"
2025-08-05 20:39:32.458363 | Action: soft delete email | Email ID: 6892cb9cebd9cfecbb093950
2025-08-05 20:42:05.518231 | Action: soft delete email | Email ID: 6892cb96ebd9cfecbb09394f
2025-08-05 20:42:42.611005 | Action: reverse soft delete email | Email ID: 6892cb96ebd9cfecbb09394f
2025-08-05 20:43:42.333062 | Action: retain email | Email ID: 6892cb96ebd9cfecbb09394f | Retention Days: 30
2025-08-05 20:44:23.329745 | Action: retain email | Email ID: 6892cb96ebd9cfecbb09394f | Retention Days: 30
2025-08-07 19:45:13.598243 | Action: soft delete email | Email ID: 68956442ad6981a8b61e85e9
2025-08-07 19:46:29.505098 | Action: soft delete email | Email ID: 7
2025-08-07 20:46:13.059447 | Action: soft delete email | Email ID: edf472909166171517900dab
2025-08-07 20:46:32.467345 | Action: reverse self delete email | Email ID: edf472909166171517900dab
2025-08-07 20:46:41.154622 | Action: soft delete email | Email ID: edf472909166171517900dab
2025-08-07 20:46:48.342772 | Action: reverse soft delete email | Email ID: edf472909166171517900dab
2025-08-07 20:47:16.506219 | Action: retain email | Email ID: edf472909166171517900dab | Retention Days: 30
2025-08-07 20:48:00.107302 | Action: retain email | Email ID: edf472909166171517900dab | Retention Days: 10
2025-08-07 20:48:22.611026 | Action: hard delete email | Email ID: edf472909166171517900dab
2025-08-07 20:48:48.610992 | Action: retain email | Email ID: 1dee2119fef680e4abda34bc | Retention Days: 1
2025-08-07 20:49:07.875745 | Action: soft delete email | Email ID: 1dee2119fef680e4abda34bc
2025-08-07 20:49:21.713040 | Action: hard delete email | Email ID: 1dee2119fef680e4abda34bc
2025-08-08 15:50:33.549421 | Action: retain email | Email ID: 77d66a1de9c436a9749f3439 | Retention Days: 30
2025-08-08 15:55:38.034115 | Action: retain email | Email ID: 77d66a1de9c436a9749f3439 | Retention Days: 30
2025-08-08 15:56:11.658299 | Action: retain email | Email ID: 23b1a06eb1c556e51c54e68d | Retention Days: 30
2025-08-08 15:56:54.711598 | Action: retain email | Email ID: 77d66a1de9c436a9749f3439 | Retention Days: 30
2025-08-08 16:05:33.657839 | Action: retain email | Email ID: 77d66a1de9c436a9749f3439 | Retention Days: 30
2025-08-08 16:05:54.238349 | Action: retain email | Email ID: 23b1a06eb1c556e51c54e68d | Retention Days: 30
2025-08-08 16:06:07.661337 | Action: reverse soft delete email | Email ID: 23b1a06eb1c556e51c54e68d
2025-08-08 16:06:32.686860 | Action: reverse soft delete email | Email ID: 77d66a1de9c436a9749f3439
2025-08-08 16:06:37.029763 | Action: soft delete email | Email ID: 77d66a1de9c436a9749f3439
2025-08-08 16:06:45.132832 | Action: hard delete email | Email ID: 77d66a1de9c436a9749f3439
2025-08-08 16:07:04.356157 | Action: reverse soft delete email | Email ID: 77d66a1de9c436a9749f3439
2025-08-08 16:07:07.863059 | Action: hard delete email | Email ID: 77d66a1de9c436a9749f3439
